[14:26:17] [main/INFO] (FabricLoader/GameProvider) Loading Minecraft 1.21.9 with Fabric Loader 0.18.4
[14:26:17] [main/DEBUG] (FabricLoader/GamePatch) Found game constructor: net.minecraft.client.main.Main -> net.minecraft.client.Minecraft
[14:26:17] [main/DEBUG] (FabricLoader/GamePatch) Patching game constructor <init>(Lnet/minecraft/client/main/GameConfig;)V
[14:26:17] [main/DEBUG] (FabricLoader/GamePatch) Run directory field is thought to be net/minecraft/client/Minecraft/gameDirectory
[14:26:17] [main/DEBUG] (FabricLoader/GamePatch) Applying brand name hook to net/minecraft/client/ClientBrandRetriever::getClientModName
[14:26:17] [main/DEBUG] (FabricLoader/GamePatch) Applying brand name hook to net/minecraft/server/MinecraftServer::getServerModName
[14:26:17] [main/DEBUG] (FabricLoader/GamePatch) Patched 3 classs
[14:26:17] [main/DEBUG] (FabricLoader/Discovery) Mod discovery time: 17.7 ms
[14:26:17] [main/WARN] (FabricLoader/Resolution) Mod resolution failed
[14:26:17] [main/INFO] (FabricLoader/Resolution) Immediate reason: [HARD_DEP_INCOMPATIBLE_PRESELECTED fabric-api 0.97.3+1.20.4 {depends minecraft @ [>=1.20.3- <1.20.5-]}, ROOT_FORCELOAD_SINGLE fabric-api 0.97.3+1.20.4]
[14:26:17] [main/INFO] (FabricLoader/Resolution) Reason: [HARD_DEP fabric-api 0.97.3+1.20.4 {depends minecraft @ [>=1.20.3- <1.20.5-]}]
[14:26:17] [main/INFO] (FabricLoader/Resolution) Fix: add [], remove [], replace [[minecraft 1.21.9] -> add:minecraft 1.20.3- ([[1.20.3-,1.20.5-)])]
[14:26:17] [main/ERROR] (FabricLoader) Incompatible mods found!
net.fabricmc.loader.impl.FormattedException: Some of your mods are incompatible with the game or each other!
A potential solution has been determined, this may resolve your problem:
	 - Replace 'Minecraft' (minecraft) 1.21.9 with any version between 1.20.3- (inclusive) and 1.20.5- (exclusive).
More details:
	 - Mod 'Fabric API' (fabric-api) 0.97.3+1.20.4 requires any version between 1.20.3- (inclusive) and 1.20.5- (exclusive) of 'Minecraft' (minecraft), but only the wrong version is present: 1.21.9!
	at net.fabricmc.loader.impl.FormattedException.ofLocalized(FormattedException.java:51) ~[fabric-loader-0.18.4.jar:?]
	at net.fabricmc.loader.impl.FabricLoaderImpl.load(FabricLoaderImpl.java:202) ~[fabric-loader-0.18.4.jar:?]
	at net.fabricmc.loader.impl.launch.knot.Knot.init(Knot.java:142) ~[fabric-loader-0.18.4.jar:?]
	at net.fabricmc.loader.impl.launch.knot.Knot.launch(Knot.java:66) [fabric-loader-0.18.4.jar:?]
	at net.fabricmc.loader.impl.launch.knot.KnotClient.main(KnotClient.java:23) [fabric-loader-0.18.4.jar:?]
	at net.fabricmc.devlaunchinjector.Main.main(Main.java:86) [dev-launch-injector-0.2.1+build.8.jar:?]
	at dev.architectury.transformer.TransformerRuntime.main(TransformerRuntime.java:220) [architectury-transformer-5.2.87-runtime.jar:5.2.87]
